INFO 2023-08-31 09:44:52,618 autoreload 15060 12832 Watching for file changes with StatReloader
verbose_2 INFO 2023-08-31 10:03:02,675 views 14048 14056 result='TAILS'
verbose_2 INFO 2023-08-31 10:03:03,544 views 14048 14056 result='HEADS'
verbose_2 INFO 2023-08-31 10:03:07,549 views 14048 14056 result='HEADS'
verbose_2 INFO 2023-08-31 10:03:10,789 views 14048 14056 result='TAILS'
verbose_2 INFO 2023-08-31 10:03:11,351 views 14048 12948 result='TAILS'
verbose_2 INFO 2023-08-31 10:03:20,444 views 14048 12948 result=4
verbose_2 INFO 2023-08-31 10:03:22,929 views 14048 13336 result=5
verbose_2 INFO 2023-08-31 10:03:23,481 views 14048 13336 result=6
verbose_2 INFO 2023-08-31 10:03:23,735 views 14048 13336 result=1
verbose_2 INFO 2023-08-31 10:03:23,919 views 14048 13336 result=5
verbose_2 INFO 2023-08-31 10:03:24,104 views 14048 13336 result=6
verbose_2 INFO 2023-08-31 10:03:24,281 views 14048 13336 result=2
verbose_2 INFO 2023-08-31 10:03:31,241 views 14048 12612 result=78
verbose_2 INFO 2023-08-31 10:03:32,618 views 14048 12612 result=45
verbose_2 INFO 2023-08-31 10:03:32,872 views 14048 12612 result=90
verbose_2 INFO 2023-08-31 10:03:33,057 views 14048 12612 result=97
verbose_2 INFO 2023-08-31 10:03:33,257 views 14048 12612 result=85
verbose_2 INFO 2023-08-31 10:03:33,461 views 14048 12612 result=21
verbose_2 INFO 2023-08-31 10:03:33,649 views 14048 12612 result=17
verbose_2 INFO 2023-08-31 10:03:34,286 views 14048 12612 result=87
verbose_2 INFO 2023-08-31 10:03:34,481 views 14048 12612 result=60
verbose_2 INFO 2023-08-31 10:03:34,729 views 14048 12612 result=64
verbose_2 INFO 2023-08-31 10:08:55,937 views 10356 14708 random number result=12
verbose_2 INFO 2023-08-31 10:08:56,933 views 10356 14708 random number result=40
verbose_2 INFO 2023-08-31 10:08:57,340 views 10356 14708 random number result=34
verbose_2 INFO 2023-08-31 10:08:57,555 views 10356 14708 random number result=27
verbose_2 INFO 2023-08-31 10:08:57,780 views 10356 14708 random number result=40
verbose_2 INFO 2023-08-31 10:08:58,003 views 10356 14708 random number result=25
verbose_2 INFO 2023-08-31 10:08:58,740 views 10356 14708 random number result=59
verbose_2 INFO 2023-08-31 10:08:59,480 views 10356 14708 random number result=74
verbose_2 INFO 2023-08-31 10:08:59,699 views 10356 14708 random number result=98
verbose_2 INFO 2023-08-31 10:09:00,307 views 10356 14708 random number result=80
verbose_2 INFO 2023-08-31 10:09:09,633 views 10356 10292 cube result=3
verbose_2 INFO 2023-08-31 10:09:11,924 views 10356 7252 cube result=6
verbose_2 INFO 2023-08-31 10:09:12,124 views 10356 7252 cube result=3
verbose_2 INFO 2023-08-31 10:09:12,317 views 10356 7252 cube result=5
verbose_2 INFO 2023-08-31 10:09:12,499 views 10356 7252 cube result=3
verbose_2 INFO 2023-08-31 10:09:12,687 views 10356 7252 cube result=5
verbose_2 INFO 2023-08-31 10:09:12,851 views 10356 7252 cube result=2
verbose_2 INFO 2023-08-31 10:09:13,011 views 10356 7252 cube result=2
verbose_2 INFO 2023-08-31 10:09:13,356 views 10356 7252 cube result=6
verbose_2 INFO 2023-08-31 10:09:13,556 views 10356 7252 cube result=6
verbose_2 INFO 2023-08-31 10:09:13,700 views 10356 7252 cube result=6
verbose_2 INFO 2023-08-31 10:09:20,760 views 10356 7252 head-tails result='TAILS'
verbose_2 INFO 2023-08-31 10:09:22,844 views 10356 14008 head-tails result='HEADS'
verbose_2 INFO 2023-08-31 10:09:23,044 views 10356 14008 head-tails result='TAILS'
verbose_2 INFO 2023-08-31 10:09:23,240 views 10356 14008 head-tails result='HEADS'
verbose_2 INFO 2023-08-31 10:09:23,617 views 10356 14008 head-tails result='HEADS'
verbose_2 INFO 2023-08-31 10:09:23,808 views 10356 14008 head-tails result='TAILS'
verbose_2 INFO 2023-08-31 10:09:23,995 views 10356 14008 head-tails result='HEADS'
verbose_2 INFO 2023-08-31 10:09:24,176 views 10356 14008 head-tails result='TAILS'
verbose_2 INFO 2023-08-31 10:09:24,351 views 10356 14008 head-tails result='HEADS'
verbose_2 INFO 2023-08-31 10:09:24,520 views 10356 14008 head-tails result='HEADS'
verbose_2 INFO 2023-08-31 10:09:24,873 views 10356 14008 head-tails result='HEADS'
verbose_2 INFO 2023-08-31 10:09:25,067 views 10356 14008 head-tails result='TAILS'
verbose_2 INFO 2023-08-31 10:09:25,264 views 10356 14008 head-tails result='HEADS'
verbose_2 INFO 2023-08-31 10:09:25,465 views 10356 14008 head-tails result='TAILS'
verbose_2 INFO 2023-08-31 10:09:25,688 views 10356 14008 head-tails result='HEADS'
verbose_2 INFO 2023-08-31 10:09:25,872 views 10356 14008 head-tails result='TAILS'
verbose_2 INFO 2023-08-31 10:09:26,101 views 10356 14008 head-tails result='HEADS'
verbose_2 INFO 2023-08-31 10:09:26,640 views 10356 14008 head-tails result='HEADS'
verbose_2 INFO 2023-08-31 10:09:26,839 views 10356 14008 head-tails result='TAILS'
verbose_2 INFO 2023-08-31 10:09:27,060 views 10356 14008 head-tails result='TAILS'
